<?xml version="1.0" encoding="UTF-8"?>
<testng-results skipped="0" failed="0" ignored="0" total="2" passed="2">
  <reporter-output>
  </reporter-output>
  <suite name="All Test Suite" duration-ms="51954" started-at="2022-04-20T01:04:03 IST" finished-at="2022-04-20T01:04:55 IST">
    <groups>
    </groups>
    <test name="C:/Users/sudha/IdeaProjects/SeleniumAutomationFramework" duration-ms="51954" started-at="2022-04-20T01:04:03 IST" finished-at="2022-04-20T01:04:55 IST">
      <class name="com.tmb.tests.OrangeHRMTests">
        <test-method status="PASS" signature="setUp()[pri:0, instance:com.tmb.tests.OrangeHRMTests@5700d6b1]" name="setUp" is-config="true" duration-ms="21279" started-at="2022-04-20T01:04:07 IST" finished-at="2022-04-20T01:04:28 IST">
          <reporter-output>
          </reporter-output>
        </test-method> <!-- setUp -->
        <test-method status="PASS" signature="setUp()[pri:0, instance:com.tmb.tests.OrangeHRMTests@5700d6b1]" name="setUp" is-config="true" duration-ms="19583" started-at="2022-04-20T01:04:07 IST" finished-at="2022-04-20T01:04:27 IST">
          <reporter-output>
          </reporter-output>
        </test-method> <!-- setUp -->
        <test-method status="PASS" signature="logInLogOutTest(java.util.Map)[pri:0, instance:com.tmb.tests.OrangeHRMTests@5700d6b1]" name="logInLogOutTest" duration-ms="20957" started-at="2022-04-20T01:04:27 IST" data-provider="LoginTestDataProvider" finished-at="2022-04-20T01:04:47 IST">
          <params>
            <param index="0">
              <value>
                <![CDATA[{UserName=Admin, Roll No=NA, Country=, Height=NA, Age=NA, Password=admin123}]]>
              </value>
            </param>
          </params>
          <reporter-output>
          </reporter-output>
        </test-method> <!-- logInLogOutTest -->
        <test-method status="PASS" signature="logInLogOutTest(java.util.Map)[pri:0, instance:com.tmb.tests.OrangeHRMTests@5700d6b1]" name="logInLogOutTest" duration-ms="19693" started-at="2022-04-20T01:04:28 IST" data-provider="LoginTestDataProvider" finished-at="2022-04-20T01:04:48 IST">
          <params>
            <param index="0">
              <value>
                <![CDATA[{UserName=Admin, Roll No=NA, Country=123, Height=NA, Age=NA, Password=admin123}]]>
              </value>
            </param>
          </params>
          <reporter-output>
          </reporter-output>
        </test-method> <!-- logInLogOutTest -->
        <test-method status="PASS" signature="tearDown()[pri:0, instance:com.tmb.tests.OrangeHRMTests@5700d6b1]" name="tearDown" is-config="true" duration-ms="6380" started-at="2022-04-20T01:04:47 IST" finished-at="2022-04-20T01:04:54 IST">
          <reporter-output>
          </reporter-output>
        </test-method> <!-- tearDown -->
        <test-method status="PASS" signature="tearDown()[pri:0, instance:com.tmb.tests.OrangeHRMTests@5700d6b1]" name="tearDown" is-config="true" duration-ms="7412" started-at="2022-04-20T01:04:48 IST" finished-at="2022-04-20T01:04:55 IST">
          <reporter-output>
          </reporter-output>
        </test-method> <!-- tearDown -->
      </class> <!-- com.tmb.tests.OrangeHRMTests -->
    </test> <!-- C:/Users/sudha/IdeaProjects/SeleniumAutomationFramework -->
  </suite> <!-- All Test Suite -->
</testng-results>
